Native frames: (J=compiled Java code, j=interpreted, Vv=VM code, C=native code)
V  [jvm.dll+0x676a4a]
V  [jvm.dll+0x7d74f4]
V  [jvm.dll+0x7d8c9e]
V  [jvm.dll+0x7d9303]
V  [jvm.dll+0x2452c5]
V  [jvm.dll+0xaac80]
V  [jvm.dll+0xaafcc]
V  [jvm.dll+0x603d7e]
V  [jvm.dll+0x603f1f]
V  [jvm.dll+0x6097bc]
V  [jvm.dll+0x60a6dc]
V  [jvm.dll+0x608bb4]
V  [jvm.dll+0x21794e]
V  [jvm.dll+0x216f01]
V  [jvm.dll+0x1a35e0]
V  [jvm.dll+0x226a6e]
V  [jvm.dll+0x224e15]
V  [jvm.dll+0x78d05c]
V  [jvm.dll+0x78759a]
V  [jvm.dll+0x675875]
C  [ucrtbase.dll+0x29333]
C  [KERNEL32.DLL+0x1259d]
C  [ntdll.dll+0x5af38]


---------------  P R O C E S S  ---------------

Threads class SMR info:
_java_thread_list=0x00000160a18def10, length=15, elements={
0x000001608697d6c0, 0x00000160a00c91d0, 0x00000160a00cb050, 0x00000160a00e3480,
0x00000160a00e5d50, 0x00000160a00e6700, 0x00000160a00e70b0, 0x00000160a00e9870,
0x00000160a00f2750, 0x00000160a00ff570, 0x00000160a0c888a0, 0x00000160a0c919c0,
0x00000160a14cc840, 0x00000160a1aee1a0, 0x00000160a1aee670
}

Java Threads: ( => current thread )
  0x000001608697d6c0 JavaThread "main" [_thread_in_native, id=36780, stack(0x0000000bbf100000,0x0000000bbf200000)]
  0x00000160a00c91d0 JavaThread "Reference Handler" daemon [_thread_blocked, id=39584, stack(0x0000000bbf800000,0x0000000bbf900000)]
  0x00000160a00cb050 JavaThread "Finalizer" daemon [_thread_blocked, id=13204, stack(0x0000000bbf900000,0x0000000bbfa00000)]
  0x00000160a00e3480 JavaThread "Signal Dispatcher" daemon [_thread_blocked, id=43528, stack(0x0000000bbfa00000,0x0000000bbfb00000)]
  0x00000160a00e5d50 JavaThread "Attach Listener" daemon [_thread_blocked, id=39192, stack(0x0000000bbfb00000,0x0000000bbfc00000)]
  0x00000160a00e6700 JavaThread "Service Thread" daemon [_thread_blocked, id=42916, stack(0x0000000bbfc00000,0x0000000bbfd00000)]
  0x00000160a00e70b0 JavaThread "Monitor Deflation Thread" daemon [_thread_blocked, id=43512, stack(0x0000000bbfd00000,0x0000000bbfe00000)]
=>0x00000160a00e9870 JavaThread "C2 CompilerThread0" daemon [_thread_in_native, id=30696, stack(0x0000000bbfe00000,0x0000000bbff00000)]
  0x00000160a00f2750 JavaThread "C1 CompilerThread0" daemon [_thread_in_native, id=43208, stack(0x0000000bbff00000,0x0000000bc0000000)]
  0x00000160a00ff570 JavaThread "Sweeper thread" daemon [_thread_blocked, id=38056, stack(0x0000000bc0000000,0x0000000bc0100000)]
  0x00000160a0c888a0 JavaThread "Notification Thread" daemon [_thread_blocked, id=8560, stack(0x0000000bc0100000,0x0000000bc0200000)]
  0x00000160a0c919c0 JavaThread "Common-Cleaner" daemon [_thread_blocked, id=15660, stack(0x0000000bc0300000,0x0000000bc0400000)]
  0x00000160a14cc840 JavaThread "pool-1-thread-1" [_thread_blocked, id=35332, stack(0x0000000bc0a00000,0x0000000bc0b00000)]
  0x00000160a1aee1a0 JavaThread "DisconnectableInputStream source reader" daemon [_thread_in_native, id=28100, stack(0x0000000bc0400000,0x0000000bc0500000)]
  0x00000160a1aee670 JavaThread "Forward input" [_thread_blocked, id=28948, stack(0x0000000bc0c00000,0x0000000bc0d00000)]

Other Threads:
  0x00000160a00c55e0 VMThread "VM Thread" [stack: 0x0000000bbf700000,0x0000000bbf800000] [id=35416]
  0x00000160a0c8ad80 WatcherThread [stack: 0x0000000bc0200000,0x0000000bc0300000] [id=40464]
  0x000001608699cbe0 GCTaskThread "GC Thread#0" [stack: 0x0000000bbf200000,0x0000000bbf300000] [id=43632]
  0x00000160a14b4400 GCTaskThread "GC Thread#1" [stack: 0x0000000bc0500000,0x0000000bc0600000] [id=35828]
  0x00000160a10adaa0 GCTaskThread "GC Thread#2" [stack: 0x0000000bc0600000,0x0000000bc0700000] [id=12324]
  0x00000160a152fe30 GCTaskThread "GC Thread#3" [stack: 0x0000000bc0700000,0x0000000bc0800000] [id=20732]
  0x00000160a10e1d40 GCTaskThread "GC Thread#4" [stack: 0x0000000bc0800000,0x0000000bc0900000] [id=6480]
  0x00000160a10e1ff0 GCTaskThread "GC Thread#5" [stack: 0x0000000bc0900000,0x0000000bc0a00000] [id=19972]
  0x000001608699e320 ConcurrentGCThread "G1 Main Marker" [stack: 0x0000000bbf300000,0x0000000bbf400000] [id=42488]
  0x000001608699ee80 ConcurrentGCThread "G1 Conc#0" [stack: 0x0000000bbf400000,0x0000000bbf500000] [id=43684]
  0x0000016086a08660 ConcurrentGCThread "G1 Refine#0" [stack: 0x0000000bbf500000,0x0000000bbf600000] [id=21224]
  0x0000016086a09080 ConcurrentGCThread "G1 Service" [stack: 0x0000000bbf600000,0x0000000bbf700000] [id=42952]

Threads with active compile tasks:
C2 CompilerThread0    38564 1612       4       org.gradle.internal.logging.text.AbstractLineChoppingStyledTextOutput$StateContext::setState (10 bytes)
C1 CompilerThread0    38564 1613       3       java.lang.Long::stringSize (55 bytes)

VM state: not at safepoint (normal execution)

VM Mutex/Monitor currently owned by a thread: None

Heap address: 0x00000000fc000000, size: 64 MB, Compressed Oops mode: 32-bit

CDS archive(s) mapped at: [0x0000000800000000-0x0000000800bd0000-0x0000000800bd0000), size 12386304, SharedBaseAddress: 0x0000000800000000, ArchiveRelocationMode: 0.
Compressed class space mapped at: 0x0000000800c00000-0x0000000840c00000, reserved size: 1073741824
Narrow klass base: 0x0000000800000000, Narrow klass shift: 0, Narrow klass range: 0x100000000

GC Precious Log:
 CPUs: 8 total, 8 available
 Memory: 32604M
 Large Page Support: Disabled
 NUMA Support: Disabled
 Compressed Oops: Enabled (32-bit)
 Heap Region Size: 1M
 Heap Min Capacity: 64M
 Heap Initial Capacity: 64M
 Heap Max Capacity: 64M
 Pre-touch: Disabled
 Parallel Workers: 8
 Concurrent Workers: 2
 Concurrent Refinement Workers: 8
 Periodic GC: Disabled

Heap:
 garbage-first heap   total 65536K, used 24640K [0x00000000fc000000, 0x0000000100000000)
  region size 1024K, 19 young (19456K), 3 survivors (3072K)
 Metaspace       used 8805K, committed 9024K, reserved 1056768K
  class space    used 1169K, committed 1280K, reserved 1048576K

Heap Regions: E=young(eden), S=young(survivor), O=old, HS=humongous(starts), HC=humongous(continues), CS=collection set, F=free, OA=open archive, CA=closed archive, TAMS=top-at-mark-start (previous, next)
|   0|0x00000000fc000000, 0x00000000fc000000, 0x00000000fc100000|  0%| F|  |TAMS 0x00000000fc000000, 0x00000000fc000000| Untracked 
|   1|0x00000000fc100000, 0x00000000fc100000, 0x00000000fc200000|  0%| F|  |TAMS 0x00000000fc100000, 0x00000000fc100000| Untracked 
|   2|0x00000000fc200000, 0x00000000fc200000, 0x00000000fc300000|  0%| F|  |TAMS 0x00000000fc200000, 0x00000000fc200000| Untracked 
|   3|0x00000000fc300000, 0x00000000fc400000, 0x00000000fc400000|100%|HS|  |TAMS 0x00000000fc300000, 0x00000000fc300000| Complete 
|   4|0x00000000fc400000, 0x00000000fc500000, 0x00000000fc500000|100%|HC|  |TAMS 0x00000000fc400000, 0x00000000fc400000| Complete 
|   5|0x00000000fc500000, 0x00000000fc600000, 0x00000000fc600000|100%|HC|  |TAMS 0x00000000fc500000, 0x00000000fc500000| Complete 
|   6|0x00000000fc600000, 0x00000000fc700000, 0x00000000fc700000|100%| O|  |TAMS 0x00000000fc600000, 0x00000000fc600000| Untracked 
|   7|0x00000000fc700000, 0x00000000fc800000, 0x00000000fc800000|100%| O|  |TAMS 0x00000000fc700000, 0x00000000fc700000| Untracked 
|   8|0x00000000fc800000, 0x00000000fc900000, 0x00000000fc900000|100%| O|  |TAMS 0x00000000fc800000, 0x00000000fc800000| Untracked 
|   9|0x00000000fc900000, 0x00000000fc910000, 0x00000000fca00000|  6%| O|  |TAMS 0x00000000fc900000, 0x00000000fc900000| Untracked 
|  10|0x00000000fca00000, 0x00000000fca00000, 0x00000000fcb00000|  0%| F|  |TAMS 0x00000000fca00000, 0x00000000fca00000| Untracked 
|  11|0x00000000fcb00000, 0x00000000fcb00000, 0x00000000fcc00000|  0%| F|  |TAMS 0x00000000fcb00000, 0x00000000fcb00000| Untracked 
|  12|0x00000000fcc00000, 0x00000000fcc00000, 0x00000000fcd00000|  0%| F|  |TAMS 0x00000000fcc00000, 0x00000000fcc00000| Untracked 
|  13|0x00000000fcd00000, 0x00000000fcd00000, 0x00000000fce00000|  0%| F|  |TAMS 0x00000000fcd00000, 0x00000000fcd00000| Untracked 
|  14|0x00000000fce00000, 0x00000000fce00000, 0x00000000fcf00000|  0%| F|  |TAMS 0x00000000fce00000, 0x00000000fce00000| Untracked 
|  15|0x00000000fcf00000, 0x00000000fcf00000, 0x00000000fd000000|  0%| F|  |TAMS 0x00000000fcf00000, 0x00000000fcf00000| Untracked 
|  16|0x00000000fd000000, 0x00000000fd000000, 0x00000000fd100000|  0%| F|  |TAMS 0x00000000fd000000, 0x00000000fd000000| Untracked 
|  17|0x00000000fd100000, 0x00000000fd100000, 0x00000000fd200000|  0%| F|  |TAMS 0x00000000fd100000, 0x00000000fd100000| Untracked 
|  18|0x00000000fd200000, 0x00000000fd200000, 0x00000000fd300000|  0%| F|  |TAMS 0x00000000fd200000, 0x00000000fd200000| Untracked 
|  19|0x00000000fd300000, 0x00000000fd300000, 0x00000000fd400000|  0%| F|  |TAMS 0x00000000fd300000, 0x00000000fd300000| Untracked 
|  20|0x00000000fd400000, 0x00000000fd400000, 0x00000000fd500000|  0%| F|  |TAMS 0x00000000fd400000, 0x00000000fd400000| Untracked 
|  21|0x00000000fd500000, 0x00000000fd500000, 0x00000000fd600000|  0%| F|  |TAMS 0x00000000fd500000, 0x00000000fd500000| Untracked 
|  22|0x00000000fd600000, 0x00000000fd600000, 0x00000000fd700000|  0%| F|  |TAMS 0x00000000fd600000, 0x00000000fd600000| Untracked 
|  23|0x00000000fd700000, 0x00000000fd700000, 0x00000000fd800000|  0%| F|  |TAMS 0x00000000fd700000, 0x00000000fd700000| Untracked 
|  24|0x00000000fd800000, 0x00000000fd800000, 0x00000000fd900000|  0%| F|  |TAMS 0x00000000fd800000, 0x00000000fd800000| Untracked 
|  25|0x00000000fd900000, 0x00000000fd900000, 0x00000000fda00000|  0%| F|  |TAMS 0x00000000fd900000, 0x00000000fd900000| Untracked 
|  26|0x00000000fda00000, 0x00000000fda00000, 0x00000000fdb00000|  0%| F|  |TAMS 0x00000000fda00000, 0x00000000fda00000| Untracked 
|  27|0x00000000fdb00000, 0x00000000fdb00000, 0x00000000fdc00000|  0%| F|  |TAMS 0x00000000fdb00000, 0x00000000fdb00000| Untracked 
|  28|0x00000000fdc00000, 0x00000000fdc00000, 0x00000000fdd00000|  0%| F|  |TAMS 0x00000000fdc00000, 0x00000000fdc00000| Untracked 
|  29|0x00000000fdd00000, 0x00000000fdd00000, 0x00000000fde00000|  0%| F|  |TAMS 0x00000000fdd00000, 0x00000000fdd00000| Untracked 
|  30|0x00000000fde00000, 0x00000000fde00000, 0x00000000fdf00000|  0%| F|  |TAMS 0x00000000fde00000, 0x00000000fde00000| Untracked 
|  31|0x00000000fdf00000, 0x00000000fdf00000, 0x00000000fe000000|  0%| F|  |TAMS 0x00000000fdf00000, 0x00000000fdf00000| Untracked 
|  32|0x00000000fe000000, 0x00000000fe000000, 0x00000000fe100000|  0%| F|  |TAMS 0x00000000fe000000, 0x00000000fe000000| Untracked 
|  33|0x00000000fe100000, 0x00000000fe100000, 0x00000000fe200000|  0%| F|  |TAMS 0x00000000fe100000, 0x00000000fe100000| Untracked 
|  34|0x00000000fe200000, 0x00000000fe200000, 0x00000000fe300000|  0%| F|  |TAMS 0x00000000fe200000, 0x00000000fe200000| Untracked 
|  35|0x00000000fe300000, 0x00000000fe300000, 0x00000000fe400000|  0%| F|  |TAMS 0x00000000fe300000, 0x00000000fe300000| Untracked 
|  36|0x00000000fe400000, 0x00000000fe400000, 0x00000000fe500000|  0%| F|  |TAMS 0x00000000fe400000, 0x00000000fe400000| Untracked 
|  37|0x00000000fe500000, 0x00000000fe500000, 0x00000000fe600000|  0%| F|  |TAMS 0x00000000fe500000, 0x00000000fe500000| Untracked 
|  38|0x00000000fe600000, 0x00000000fe700000, 0x00000000fe700000|100%| S|CS|TAMS 0x00000000fe600000, 0x00000000fe600000| Complete 
|  39|0x00000000fe700000, 0x00000000fe800000, 0x00000000fe800000|100%| S|CS|TAMS 0x00000000fe700000, 0x00000000fe700000| Complete 
|  40|0x00000000fe800000, 0x00000000fe900000, 0x00000000fe900000|100%| S|CS|TAMS 0x00000000fe800000, 0x00000000fe800000| Complete 
|  41|0x00000000fe900000, 0x00000000fe900000, 0x00000000fea00000|  0%| F|  |TAMS 0x00000000fe900000, 0x00000000fe900000| Untracked 
|  42|0x00000000fea00000, 0x00000000fea00000, 0x00000000feb00000|  0%| F|  |TAMS 0x00000000fea00000, 0x00000000fea00000| Untracked 
|  43|0x00000000feb00000, 0x00000000feb00000, 0x00000000fec00000|  0%| F|  |TAMS 0x00000000feb00000, 0x00000000feb00000| Untracked 
|  44|0x00000000fec00000, 0x00000000fec00000, 0x00000000fed00000|  0%| F|  |TAMS 0x00000000fec00000, 0x00000000fec00000| Untracked 
|  45|0x00000000fed00000, 0x00000000fed00000, 0x00000000fee00000|  0%| F|  |TAMS 0x00000000fed00000, 0x00000000fed00000| Untracked 
|  46|0x00000000fee00000, 0x00000000fee00000, 0x00000000fef00000|  0%| F|  |TAMS 0x00000000fee00000, 0x00000000fee00000| Untracked 
|  47|0x00000000fef00000, 0x00000000fef00000, 0x00000000ff000000|  0%| F|  |TAMS 0x00000000fef00000, 0x00000000fef00000| Untracked 
|  48|0x00000000ff000000, 0x00000000ff0b1488, 0x00000000ff100000| 69%| E|  |TAMS 0x00000000ff000000, 0x00000000ff000000| Complete 
|  49|0x00000000ff100000, 0x00000000ff200000, 0x00000000ff200000|100%| E|CS|TAMS 0x00000000ff100000, 0x00000000ff100000| Complete 
|  50|0x00000000ff200000, 0x00000000ff300000, 0x00000000ff300000|100%| E|CS|TAMS 0x00000000ff200000, 0x00000000ff200000| Complete 
|  51|0x00000000ff300000, 0x00000000ff400000, 0x00000000ff400000|100%| E|CS|TAMS 0x00000000ff300000, 0x00000000ff300000| Complete 
|  52|0x00000000ff400000, 0x00000000ff500000, 0x00000000ff500000|100%| E|CS|TAMS 0x00000000ff400000, 0x00000000ff400000| Complete 
|  53|0x00000000ff500000, 0x00000000ff600000, 0x00000000ff600000|100%| E|CS|TAMS 0x00000000ff500000, 0x00000000ff500000| Complete 
|  54|0x00000000ff600000, 0x00000000ff700000, 0x00000000ff700000|100%| E|CS|TAMS 0x00000000ff600000, 0x00000000ff600000| Complete 
|  55|0x00000000ff700000, 0x00000000ff800000, 0x00000000ff800000|100%| E|CS|TAMS 0x00000000ff700000, 0x00000000ff700000| Complete 
|  56|0x00000000ff800000, 0x00000000ff900000, 0x00000000ff900000|100%| E|CS|TAMS 0x00000000ff800000, 0x00000000ff800000| Complete 
|  57|0x00000000ff900000, 0x00000000ffa00000, 0x00000000ffa00000|100%| E|CS|TAMS 0x00000000ff900000, 0x00000000ff900000| Complete 
|  58|0x00000000ffa00000, 0x00000000ffb00000, 0x00000000ffb00000|100%| E|CS|TAMS 0x00000000ffa00000, 0x00000000ffa00000| Complete 
|  59|0x00000000ffb00000, 0x00000000ffc00000, 0x00000000ffc00000|100%| E|CS|TAMS 0x00000000ffb00000, 0x00000000ffb00000| Complete 
|  60|0x00000000ffc00000, 0x00000000ffd00000, 0x00000000ffd00000|100%| E|CS|TAMS 0x00000000ffc00000, 0x00000000ffc00000| Complete 
|  61|0x00000000ffd00000, 0x00000000ffe00000, 0x00000000ffe00000|100%| E|CS|TAMS 0x00000000ffd00000, 0x00000000ffd00000| Complete 
|  62|0x00000000ffe00000, 0x00000000fff00000, 0x00000000fff00000|100%| E|CS|TAMS 0x00000000ffe00000, 0x00000000ffe00000| Complete 
|  63|0x00000000fff00000, 0x0000000100000000, 0x0000000100000000|100%| E|CS|TAMS 0x00000000fff00000, 0x00000000fff00000| Complete 

Card table byte_map: [0x00000160868a0000,0x00000160868c0000] _byte_map_base: 0x00000160860c0000

Marking Bits (Prev, Next): (CMBitMap*) 0x000001608699d1f0, (CMBitMap*) 0x000001608699d230
 Prev Bits: [0x000001609d510000, 0x000001609d610000)
 Next Bits: [0x000001609d610000, 0x000001609d710000)

Polling page: 0x0000016086120000

Metaspace:

Usage:
  Non-class:      7.46 MB used.
      Class:      1.14 MB used.
       Both:      8.60 MB used.

Virtual space:
  Non-class space:        8.00 MB reserved,       7.56 MB ( 95%) committed,  1 nodes.
      Class space:        1.00 GB reserved,       1.25 MB ( <1%) committed,  1 nodes.
             Both:        1.01 GB reserved,       8.81 MB ( <1%) committed. 

Chunk freelists:
   Non-Class:  128.00 KB
       Class:  2.64 MB
        Both:  2.76 MB

MaxMetaspaceSize: unlimited
CompressedClassSpaceSize: 1.00 GB
Initial GC threshold: 21.00 MB
Current GC threshold: 21.00 MB
CDS: on
MetaspaceReclaimPolicy: balanced
 - commit_granule_bytes: 65536.
 - commit_granule_words: 8192.
 - virtual_space_node_default_size: 1048576.
 - enlarge_chunks_in_place: 1.
 - new_chunks_are_fully_committed: 0.
 - uncommit_free_chunks: 1.
 - use_allocation_guard: 0.
 - handle_deallocations: 1.


Internal statistics:

num_allocs_failed_limit: 0.
num_arena_births: 78.
num_arena_deaths: 0.
num_vsnodes_births: 2.
num_vsnodes_deaths: 0.
num_space_committed: 141.
num_space_uncommitted: 0.
num_chunks_returned_to_freelist: 0.
num_chunks_taken_from_freelist: 310.
num_chunk_merges: 0.
num_chunk_splits: 210.
num_chunks_enlarged: 177.
num_purges: 0.
num_inconsistent_stats: 0.

CodeHeap 'non-profiled nmethods': size=120000Kb used=615Kb max_used=615Kb free=119385Kb
 bounds [0x0000016095ca0000, 0x0000016095f10000, 0x000001609d1d0000]
CodeHeap 'profiled nmethods': size=120000Kb used=2975Kb max_used=2975Kb free=117024Kb
 bounds [0x000001608e1d0000, 0x000001608e4c0000, 0x0000016095700000]
CodeHeap 'non-nmethods': size=5760Kb used=1168Kb max_used=1202Kb free=4591Kb
 bounds [0x0000016095700000, 0x0000016095970000, 0x0000016095ca0000]
 total_blobs=2074 nmethods=1611 adapters=376
 compilation: enabled
              stopped_count=0, restarted_count=0
 full_count=0

Compilation events (20 events):
Event: 37.318 Thread 0x00000160a00e9870 1603       4       java.util.AbstractList$Itr::hasNext (20 bytes)
Event: 37.318 Thread 0x00000160a00e9870 nmethod 1603 0x0000016095d39590 code [0x0000016095d39700, 0x0000016095d397b8]
Event: 38.360 Thread 0x00000160a00e9870 1604       4       org.gradle.util.internal.GUtil::isTrue (56 bytes)
Event: 38.361 Thread 0x00000160a00e9870 nmethod 1604 0x0000016095d39890 code [0x0000016095d39a20, 0x0000016095d39b18]
Event: 38.417 Thread 0x00000160a00f2750 1605       3       org.fusesource.jansi.Ansi::_appendEscapeSequence (83 bytes)
Event: 38.417 Thread 0x00000160a00f2750 nmethod 1605 0x000001608e4b5010 code [0x000001608e4b5260, 0x000001608e4b5a18]
Event: 38.417 Thread 0x00000160a00f2750 1606       3       org.gradle.internal.logging.console.DefaultRedrawableLabel::isOverlappingWith (34 bytes)
Event: 38.417 Thread 0x00000160a00f2750 nmethod 1606 0x000001608e4b5e10 code [0x000001608e4b5fa0, 0x000001608e4b6158]
Event: 38.417 Thread 0x00000160a00f2750 1607       3       org.gradle.internal.logging.text.AbstractLineChoppingStyledTextOutput$StateContext::<init> (79 bytes)
Event: 38.417 Thread 0x00000160a00f2750 nmethod 1607 0x000001608e4b6210 code [0x000001608e4b6400, 0x000001608e4b6908]
Event: 38.418 Thread 0x00000160a00f2750 1608       3       org.gradle.internal.logging.console.DefaultRedrawableLabel::newLineAdjustment (14 bytes)
Event: 38.418 Thread 0x00000160a00f2750 nmethod 1608 0x000001608e4b6b10 code [0x000001608e4b6ca0, 0x000001608e4b6db8]
Event: 38.526 Thread 0x00000160a00f2750 1609       3       org.gradle.internal.logging.text.AbstractStyledTextOutput::text (19 bytes)
Event: 38.526 Thread 0x00000160a00f2750 nmethod 1609 0x000001608e4b6e90 code [0x000001608e4b7040, 0x000001608e4b7358]
Event: 38.526 Thread 0x00000160a00f2750 1610       3       java.util.Arrays::copyOf (19 bytes)
Event: 38.526 Thread 0x00000160a00f2750 nmethod 1610 0x000001608e4b7490 code [0x000001608e4b7640, 0x000001608e4b7928]
Event: 38.526 Thread 0x00000160a00f2750 1611       3       org.gradle.internal.logging.text.AbstractLineChoppingStyledTextOutput$SeenFromEol::<init> (20 bytes)
Event: 38.526 Thread 0x00000160a00f2750 nmethod 1611 0x000001608e4b7a90 code [0x000001608e4b7c40, 0x000001608e4b7e58]
Event: 38.527 Thread 0x00000160a00e9870 1612       4       org.gradle.internal.logging.text.AbstractLineChoppingStyledTextOutput$StateContext::setState (10 bytes)
Event: 38.527 Thread 0x00000160a00f2750 1613       3       java.lang.Long::stringSize (55 bytes)

GC Heap History (2 events):
Event: 0.506 GC heap before
{Heap before GC invocations=0 (full 0):
 garbage-first heap   total 65536K, used 28672K [0x00000000fc000000, 0x0000000100000000)
  region size 1024K, 23 young (23552K), 0 survivors (0K)
 Metaspace       used 4177K, committed 4352K, reserved 1056768K
  class space    used 537K, committed 576K, reserved 1048576K
}
Event: 0.511 GC heap after
{Heap after GC invocations=1 (full 0):
 garbage-first heap   total 65536K, used 9280K [0x00000000fc000000, 0x0000000100000000)
  region size 1024K, 3 young (3072K), 3 survivors (3072K)
 Metaspace       used 4177K, committed 4352K, reserved 1056768K
  class space    used 537K, committed 576K, reserved 1048576K
}

Deoptimization events (20 events):
Event: 0.625 Thread 0x000001608697d6c0 DEOPT PACKING pc=0x0000016095d03c04 sp=0x0000000bbf1fbc40
Event: 0.625 Thread 0x000001608697d6c0 DEOPT UNPACKING pc=0x00000160957523a3 sp=0x0000000bbf1fbbe0 mode 2
Event: 0.627 Thread 0x00000160a14cc840 DEOPT PACKING pc=0x000001608e2b5bb8 sp=0x0000000bc0afa4d0
Event: 0.627 Thread 0x00000160a14cc840 DEOPT UNPACKING pc=0x0000016095752b43 sp=0x0000000bc0af99e8 mode 0
Event: 0.684 Thread 0x000001608697d6c0 Uncommon trap: trap_request=0xffffff45 fr.pc=0x0000016095cf9390 relative=0x0000000000001b50
Event: 0.684 Thread 0x000001608697d6c0 Uncommon trap: reason=unstable_if action=reinterpret pc=0x0000016095cf9390 method=java.io.WinNTFileSystem.normalize(Ljava/lang/String;)Ljava/lang/String; @ 128 c2
Event: 0.684 Thread 0x000001608697d6c0 DEOPT PACKING pc=0x0000016095cf9390 sp=0x0000000bbf1fc450
Event: 0.684 Thread 0x000001608697d6c0 DEOPT UNPACKING pc=0x00000160957523a3 sp=0x0000000bbf1fc428 mode 2
Event: 0.781 Thread 0x000001608697d6c0 Uncommon trap: trap_request=0xffffff45 fr.pc=0x0000016095cd6224 relative=0x0000000000000664
Event: 0.781 Thread 0x000001608697d6c0 Uncommon trap: reason=unstable_if action=reinterpret pc=0x0000016095cd6224 method=java.lang.AbstractStringBuilder.append(Ljava/lang/String;)Ljava/lang/AbstractStringBuilder; @ 1 c2
Event: 0.781 Thread 0x000001608697d6c0 DEOPT PACKING pc=0x0000016095cd6224 sp=0x0000000bbf1fd170
Event: 0.781 Thread 0x000001608697d6c0 DEOPT UNPACKING pc=0x00000160957523a3 sp=0x0000000bbf1fd0f0 mode 2
Event: 0.781 Thread 0x000001608697d6c0 Uncommon trap: trap_request=0xffffff45 fr.pc=0x0000016095ce0c24 relative=0x0000000000000664
Event: 0.781 Thread 0x000001608697d6c0 Uncommon trap: reason=unstable_if action=reinterpret pc=0x0000016095ce0c24 method=java.lang.AbstractStringBuilder.append(Ljava/lang/String;)Ljava/lang/AbstractStringBuilder; @ 1 c2
Event: 0.781 Thread 0x000001608697d6c0 DEOPT PACKING pc=0x0000016095ce0c24 sp=0x0000000bbf1fd110
Event: 0.781 Thread 0x000001608697d6c0 DEOPT UNPACKING pc=0x00000160957523a3 sp=0x0000000bbf1fd0f8 mode 2
Event: 33.625 Thread 0x00000160a14cc840 Uncommon trap: trap_request=0xffffff45 fr.pc=0x0000016095d351bc relative=0x0000000000000adc
Event: 33.625 Thread 0x00000160a14cc840 Uncommon trap: reason=unstable_if action=reinterpret pc=0x0000016095d351bc method=java.util.HashMap.removeNode(ILjava/lang/Object;Ljava/lang/Object;ZZ)Ljava/util/HashMap$Node; @ 133 c2
Event: 33.625 Thread 0x00000160a14cc840 DEOPT PACKING pc=0x0000016095d351bc sp=0x0000000bc0afe980
Event: 33.625 Thread 0x00000160a14cc840 DEOPT UNPACKING pc=0x00000160957523a3 sp=0x0000000bc0afe888 mode 2

Classes unloaded (0 events):
No events

Classes redefined (0 events):
No events

Internal exceptions (18 events):
Event: 0.101 Thread 0x000001608697d6c0 Exception <a 'java/lang/NoSuchMethodError'{0x00000000ffc63090}: 'int java.lang.invoke.DirectMethodHandle$Holder.invokeStaticInit(java.lang.Object, java.lang.Object)'> (0x00000000ffc63090) 
thrown [s\open\src\hotspot\share\interpreter\linkResolver.cpp, line 759]
Event: 0.385 Thread 0x000001608697d6c0 Exception <a 'java/lang/NoSuchMethodError'{0x00000000feca1da8}: 'void java.lang.invoke.DirectMethodHandle$Holder.invokeStatic(java.lang.Object, java.lang.Object)'> (0x00000000feca1da8) 
thrown [s\open\src\hotspot\share\interpreter\linkResolver.cpp, line 759]
Event: 0.423 Thread 0x000001608697d6c0 Exception <a 'java/lang/NoClassDefFoundError'{0x00000000feb259e0}: org/slf4j/impl/StaticMarkerBinder> (0x00000000feb259e0) 
thrown [s\open\src\hotspot\share\classfile\systemDictionary.cpp, line 245]
Event: 0.444 Thread 0x000001608697d6c0 Exception <a 'java/lang/NoSuchMethodError'{0x00000000febc1c10}: 'java.lang.Object java.lang.invoke.DirectMethodHandle$Holder.invokeVirtual(java.lang.Object, java.lang.Object, java.lang.Object, java.lang.Object, java.lang.Object, java.lang.Object, java.lang.Object)'> (0x00000000febc1c10) 
thrown [s\open\src\hotspot\share\interpreter\linkResolver.cpp, line 759]
Event: 0.448 Thread 0x000001608697d6c0 Exception <a 'java/lang/NoSuchMethodError'{0x00000000febd2768}: 'java.lang.Object java.lang.invoke.Invokers$Holder.invoker(java.lang.Object, java.lang.Object, java.lang.Object)'> (0x00000000febd2768) 
thrown [s\open\src\hotspot\share\interpreter\linkResolver.cpp, line 759]
Event: 0.451 Thread 0x000001608697d6c0 Exception <a 'java/lang/NoSuchMethodError'{0x00000000febdb838}: 'java.lang.Object java.lang.invoke.DirectMethodHandle$Holder.invokeStatic(java.lang.Object, java.lang.Object, int)'> (0x00000000febdb838) 
thrown [s\open\src\hotspot\share\interpreter\linkResolver.cpp, line 759]
Event: 0.452 Thread 0x000001608697d6c0 Exception <a 'java/lang/NoSuchMethodError'{0x00000000febe75d0}: 'void java.lang.invoke.DelegatingMethodHandle$Holder.delegate(java.lang.Object, java.lang.Object, int, java.lang.Object)'> (0x00000000febe75d0) 
thrown [s\open\src\hotspot\share\interpreter\linkResolver.cpp, line 759]
Event: 0.453 Thread 0x000001608697d6c0 Exception <a 'java/lang/NoSuchMethodError'{0x00000000febeb718}: 'int java.lang.invoke.DirectMethodHandle$Holder.invokeSpecial(java.lang.Object, java.lang.Object, java.lang.Object)'> (0x00000000febeb718) 
thrown [s\open\src\hotspot\share\interpreter\linkResolver.cpp, line 759]
Event: 0.456 Thread 0x000001608697d6c0 Exception <a 'java/lang/NoSuchMethodError'{0x00000000febfead0}: 'java.lang.Object java.lang.invoke.Invokers$Holder.invokeExact_MT(java.lang.Object, java.lang.Object, java.lang.Object, java.lang.Object)'> (0x00000000febfead0) 
thrown [s\open\src\hotspot\share\interpreter\linkResolver.cpp, line 759]
Event: 0.558 Thread 0x000001608697d6c0 Exception <a 'java/lang/NoSuchMethodError'{0x00000000ffc11998}: 'java.lang.Object java.lang.invoke.DirectMethodHandle$Holder.invokeInterface(java.lang.Object, java.lang.Object, java.lang.Object)'> (0x00000000ffc11998) 
thrown [s\open\src\hotspot\share\interpreter\linkResolver.cpp, line 759]
Event: 0.571 Thread 0x000001608697d6c0 Implicit null exception at 0x0000016095cf5113 to 0x0000016095cf556c
Event: 0.571 Thread 0x000001608697d6c0 Implicit null exception at 0x0000016095cdf611 to 0x0000016095cdfa48
Event: 0.586 Thread 0x000001608697d6c0 Exception <a 'java/lang/NoSuchMethodError'{0x00000000ffbbd2d8}: 'java.lang.Object java.lang.invoke.DirectMethodHandle$Holder.invokeStaticInit(java.lang.Object)'> (0x00000000ffbbd2d8) 
thrown [s\open\src\hotspot\share\interpreter\linkResolver.cpp, line 759]
Event: 0.651 Thread 0x000001608697d6c0 Exception <a 'java/lang/NoSuchMethodError'{0x00000000ff623e88}: 'java.lang.Object java.lang.invoke.DirectMethodHandle$Holder.invokeStaticInit(java.lang.Object, int, int, int, int)'> (0x00000000ff623e88) 
thrown [s\open\src\hotspot\share\interpreter\linkResolver.cpp, line 759]
Event: 0.688 Thread 0x000001608697d6c0 Exception <a 'java/lang/NoSuchMethodError'{0x00000000ff661a00}: 'java.lang.Object java.lang.invoke.DirectMethodHandle$Holder.invokeStaticInit(java.lang.Object, java.lang.Object, int, int, int, int)'> (0x00000000ff661a00) 
thrown [s\open\src\hotspot\share\interpreter\linkResolver.cpp, line 759]
Event: 0.771 Thread 0x000001608697d6c0 Exception <a 'java/lang/NoSuchMethodError'{0x00000000ff68f040}: 'void java.lang.invoke.DirectMethodHandle$Holder.invokeStatic(java.lang.Object, java.lang.Object, java.lang.Object)'> (0x00000000ff68f040) 
thrown [s\open\src\hotspot\share\interpreter\linkResolver.cpp, line 759]
Event: 0.781 Thread 0x000001608697d6c0 Implicit null exception at 0x0000016095cd5bf2 to 0x0000016095cd620c
Event: 0.781 Thread 0x000001608697d6c0 Implicit null exception at 0x0000016095ce05f2 to 0x0000016095ce0c0c

VM Operations (20 events):
Event: 24.943 Executing VM operation: Cleanup
Event: 24.943 Executing VM operation: Cleanup done
Event: 25.947 Executing VM operation: Cleanup
Event: 25.947 Executing VM operation: Cleanup done
Event: 26.959 Executing VM operation: Cleanup
Event: 26.959 Executing VM operation: Cleanup done
Event: 29.967 Executing VM operation: Cleanup
Event: 29.968 Executing VM operation: Cleanup done
Event: 30.980 Executing VM operation: Cleanup
Event: 30.980 Executing VM operation: Cleanup done
Event: 31.995 Executing VM operation: Cleanup
Event: 31.996 Executing VM operation: Cleanup done
Event: 32.998 Executing VM operation: Cleanup
Event: 32.999 Executing VM operation: Cleanup done
Event: 34.012 Executing VM operation: Cleanup
Event: 34.012 Executing VM operation: Cleanup done
Event: 35.013 Executing VM operation: Cleanup
Event: 35.013 Executing VM operation: Cleanup done
Event: 38.022 Executing VM operation: Cleanup
Event: 38.022 Executing VM operation: Cleanup done

Events (20 events):
Event: 20.071 loading class jdk/internal/logger/LazyLoggers$LazyLoggerFactories
Event: 20.071 loading class jdk/internal/logger/LazyLoggers$LazyLoggerFactories done
Event: 20.071 loading class jdk/internal/logger/LoggerFinderLoader
Event: 20.071 loading class jdk/internal/logger/LoggerFinderLoader done
Event: 20.071 loading class sun/util/logging/internal/LoggingProviderImpl$JULWrapper
Event: 20.072 loading class sun/util/logging/PlatformLogger$ConfigurableBridge$LoggerConfiguration
Event: 20.072 loading class sun/util/logging/PlatformLogger$ConfigurableBridge$LoggerConfiguration done
Event: 20.072 loading class sun/util/logging/internal/LoggingProviderImpl$JULWrapper done
Event: 20.072 loading class java/io/ObjectInputFilter
Event: 20.072 loading class java/io/ObjectInputFilter done
Event: 20.072 loading class java/io/ObjectInputFilter$Config$BuiltinFilterFactory
Event: 20.072 loading class java/io/ObjectInputFilter$Config$BuiltinFilterFactory done
Event: 20.072 loading class jdk/internal/access/JavaObjectInputFilterAccess
Event: 20.072 loading class jdk/internal/access/JavaObjectInputFilterAccess done
Event: 20.072 loading class java/lang/System$Logger$Level
Event: 20.072 loading class java/lang/System$Logger$Level done
Event: 20.072 loading class java/io/Bits
Event: 20.072 loading class java/io/Bits done
Event: 20.484 loading class jdk/internal/misc/ScopedMemoryAccess$Scope
Event: 20.484 loading class jdk/internal/misc/ScopedMemoryAccess$Scope done


Dynamic libraries:
0x00007ff76b870000 - 0x00007ff76b880000 	E:\jdk-17\bin\java.exe
0x00007ff8f1e10000 - 0x00007ff8f2027000 	C:\WINDOWS\SYSTEM32\ntdll.dll
0x00007ff8f0630000 - 0x00007ff8f06f4000 	C:\WINDOWS\System32\KERNEL32.DLL
0x00007ff8ef690000 - 0x00007ff8efa4a000 	C:\WINDOWS\System32\KERNELBASE.dll
0x000000005b720000 - 0x000000005ba51000 	C:\Program Files\Norton Security\NortonData\22.22.4.11\Definitions\IPSDefs\20230406.061\IPSEng64.dll
0x00007ff8efda0000 - 0x00007ff8efe52000 	C:\WINDOWS\System32\ADVAPI32.dll
0x00007ff8f0d70000 - 0x00007ff8f0e17000 	C:\WINDOWS\System32\msvcrt.dll
0x00007ff8f0770000 - 0x00007ff8f0817000 	C:\WINDOWS\System32\sechost.dll
0x00007ff8ef540000 - 0x00007ff8ef568000 	C:\WINDOWS\System32\bcrypt.dll
0x00007ff8efe60000 - 0x00007ff8eff74000 	C:\WINDOWS\System32\RPCRT4.dll
0x00007ff8f1490000 - 0x00007ff8f1498000 	C:\WINDOWS\System32\PSAPI.DLL
0x00007ff8ef570000 - 0x00007ff8ef681000 	C:\WINDOWS\System32\ucrtbase.dll
0x00007ff8eb0e0000 - 0x00007ff8eb0f9000 	E:\jdk-17\bin\jli.dll
0x00007ff8e8920000 - 0x00007ff8e893b000 	E:\jdk-17\bin\VCRUNTIME140.dll
0x00007ff8f0480000 - 0x00007ff8f062e000 	C:\WINDOWS\System32\USER32.dll
0x00007ff8ef1e0000 - 0x00007ff8ef206000 	C:\WINDOWS\System32\win32u.dll
0x00007ff8da0c0000 - 0x00007ff8da352000 	C:\WINDOWS\WinSxS\amd64_microsoft.windows.common-controls_6595b64144ccf1df_6.0.22621.4541_none_2710d1c57384c085\COMCTL32.dll
0x00007ff8eff80000 - 0x00007ff8effa9000 	C:\WINDOWS\System32\GDI32.dll
0x00007ff8ef210000 - 0x00007ff8ef32b000 	C:\WINDOWS\System32\gdi32full.dll
0x00007ff8ef4a0000 - 0x00007ff8ef53a000 	C:\WINDOWS\System32\msvcp_win.dll
0x00007ff8ecc60000 - 0x00007ff8ecc6a000 	C:\WINDOWS\SYSTEM32\VERSION.dll
0x00007ff8f0830000 - 0x00007ff8f0861000 	C:\WINDOWS\System32\IMM32.DLL
0x00007ff8e8910000 - 0x00007ff8e891c000 	E:\jdk-17\bin\vcruntime140_1.dll
0x00007ff8d9a30000 - 0x00007ff8d9abe000 	E:\jdk-17\bin\msvcp140.dll
0x00007ff8749c0000 - 0x00007ff87559d000 	E:\jdk-17\bin\server\jvm.dll
0x00007ff8d9b40000 - 0x00007ff8d9b49000 	C:\WINDOWS\SYSTEM32\WSOCK32.dll
0x00007ff8d98a0000 - 0x00007ff8d98d4000 	C:\WINDOWS\SYSTEM32\WINMM.dll
0x00007ff8f14a0000 - 0x00007ff8f1511000 	C:\WINDOWS\System32\WS2_32.dll
0x00007ff8ee120000 - 0x00007ff8ee138000 	C:\WINDOWS\SYSTEM32\kernel.appcore.dll
0x00007ff8d9b30000 - 0x00007ff8d9b3a000 	E:\jdk-17\bin\jimage.dll
0x00007ff8dc0f0000 - 0x00007ff8dc322000 	C:\WINDOWS\SYSTEM32\DBGHELP.DLL
0x00007ff8f08e0000 - 0x00007ff8f0c6f000 	C:\WINDOWS\System32\combase.dll
0x00007ff8efb10000 - 0x00007ff8efbe7000 	C:\WINDOWS\System32\OLEAUT32.dll
0x00007ff8db2d0000 - 0x00007ff8db302000 	C:\WINDOWS\SYSTEM32\dbgcore.DLL
0x00007ff8ef160000 - 0x00007ff8ef1db000 	C:\WINDOWS\System32\bcryptPrimitives.dll
0x00007ff8d9950000 - 0x00007ff8d9975000 	E:\jdk-17\bin\java.dll
0x00007ff8c3900000 - 0x00007ff8c39d7000 	E:\jdk-17\bin\jsvml.dll
0x00007ff8f1550000 - 0x00007ff8f1dc8000 	C:\WINDOWS\System32\SHELL32.dll
0x00007ff8ed020000 - 0x00007ff8ed928000 	C:\WINDOWS\SYSTEM32\windows.storage.dll
0x00007ff8ecee0000 - 0x00007ff8ed01f000 	C:\WINDOWS\SYSTEM32\wintypes.dll
0x00007ff8f0c70000 - 0x00007ff8f0d6a000 	C:\WINDOWS\System32\SHCORE.dll
0x00007ff8f0fe0000 - 0x00007ff8f103e000 	C:\WINDOWS\System32\shlwapi.dll
0x00007ff8ef010000 - 0x00007ff8ef03b000 	C:\WINDOWS\SYSTEM32\profapi.dll
0x00007ff8d9930000 - 0x00007ff8d9949000 	E:\jdk-17\bin\net.dll
0x00007ff8e84f0000 - 0x00007ff8e8626000 	C:\WINDOWS\SYSTEM32\WINHTTP.dll
0x00007ff8ee5a0000 - 0x00007ff8ee609000 	C:\WINDOWS\system32\mswsock.dll
0x00007ff8d97f0000 - 0x00007ff8d9806000 	E:\jdk-17\bin\nio.dll
0x00007ff8d97d0000 - 0x00007ff8d97e8000 	E:\jdk-17\bin\zip.dll
0x00007ff8d9a20000 - 0x00007ff8d9a30000 	E:\jdk-17\bin\verify.dll
0x00007ff8d97a0000 - 0x00007ff8d97c7000 	C:\Users\user\.gradle\native\e1d6ef7f7dcc3fd88c89a11ec53ec762bb8ba0a96d01ffa2cd45eb1d1d8dd5c5\windows-amd64\native-platform.dll
0x00007ff8e7e50000 - 0x00007ff8e7e5a000 	C:\Users\user\.gradle\native\jansi\1.18\windows64\jansi.dll
0x00007ff8d9790000 - 0x00007ff8d979a000 	E:\jdk-17\bin\management.dll
0x00007ff8d9780000 - 0x00007ff8d978b000 	E:\jdk-17\bin\management_ext.dll
0x00007ff8ee7f0000 - 0x00007ff8ee80b000 	C:\WINDOWS\SYSTEM32\CRYPTSP.dll
0x00007ff8ee080000 - 0x00007ff8ee0b5000 	C:\WINDOWS\system32\rsaenh.dll
0x00007ff8ee690000 - 0x00007ff8ee6b8000 	C:\WINDOWS\SYSTEM32\USERENV.dll
0x00007ff8ee810000 - 0x00007ff8ee81c000 	C:\WINDOWS\SYSTEM32\CRYPTBASE.dll
0x00007ff8edbd0000 - 0x00007ff8edbfd000 	C:\WINDOWS\SYSTEM32\IPHLPAPI.DLL
0x00007ff8f0870000 - 0x00007ff8f0879000 	C:\WINDOWS\System32\NSI.dll
0x00007ff8e7de0000 - 0x00007ff8e7df9000 	C:\WINDOWS\SYSTEM32\dhcpcsvc6.DLL
0x00007ff8e7830000 - 0x00007ff8e784f000 	C:\WINDOWS\SYSTEM32\dhcpcsvc.DLL
0x00007ff8edc00000 - 0x00007ff8edd02000 	C:\WINDOWS\SYSTEM32\DNSAPI.dll
0x00007ff8cc800000 - 0x00007ff8cc80d000 	E:\jdk-17\bin\sunmscapi.dll
0x00007ff8ef330000 - 0x00007ff8ef496000 	C:\WINDOWS\System32\CRYPT32.dll
0x00007ff8ee990000 - 0x00007ff8ee9bd000 	C:\WINDOWS\SYSTEM32\ncrypt.dll
0x00007ff8ee950000 - 0x00007ff8ee987000 	C:\WINDOWS\SYSTEM32\NTASN1.dll
0x00007ff8e0fb0000 - 0x00007ff8e0fb8000 	C:\WINDOWS\system32\wshunix.dll

dbghelp: loaded successfully - version: 4.0.5 - missing functions: none
symbol engine: initialized successfully - sym options: 0x614 - pdb path: .;E:\jdk-17\bin;C:\WINDOWS\SYSTEM32;C:\Program Files\Norton Security\NortonData\22.22.4.11\Definitions\IPSDefs\20230406.061;C:\WINDOWS\WinSxS\amd64_microsoft.windows.common-controls_6595b64144ccf1df_6.0.22621.4541_none_2710d1c57384c085;E:\jdk-17\bin\server;C:\Users\user\.gradle\native\e1d6ef7f7dcc3fd88c89a11ec53ec762bb8ba0a96d01ffa2cd45eb1d1d8dd5c5\windows-amd64;C:\Users\user\.gradle\native\jansi\1.18\windows64

VM Arguments:
jvm_args: -Xmx64m -Xms64m -Dorg.gradle.appname=gradlew 
java_command: org.gradle.wrapper.GradleWrapperMain app:installDebug -PreactNativeDevServerPort=8081
java_class_path (initial): E:\NativeProject(24 sept 2024)\smartpaymoney2\android\\gradle\wrapper\gradle-wrapper.jar
Launcher Type: SUN_STANDARD

[Global flags]
     intx CICompilerCount                          = 4                                         {product} {ergonomic}
     uint ConcGCThreads                            = 2                                         {product} {ergonomic}
     uint G1ConcRefinementThreads                  = 8                                         {product} {ergonomic}
   size_t G1HeapRegionSize                         = 1048576                                   {product} {ergonomic}
    uintx GCDrainStackTargetSize                   = 64                                        {product} {ergonomic}
   size_t InitialHeapSize                          = 67108864                                  {product} {command line}
   size_t MarkStackSize                            = 4194304                                   {product} {ergonomic}
   size_t MaxHeapSize                              = 67108864                                  {product} {command line}
   size_t MaxNewSize                               = 39845888                                  {product} {ergonomic}
   size_t MinHeapDeltaBytes                        = 1048576                                   {product} {ergonomic}
   size_t MinHeapSize                              = 67108864                                  {product} {command line}
    uintx NonNMethodCodeHeapSize                   = 5839372                                {pd product} {ergonomic}
    uintx NonProfiledCodeHeapSize                  = 122909434                              {pd product} {ergonomic}
    uintx ProfiledCodeHeapSize                     = 122909434                              {pd product} {ergonomic}
    uintx ReservedCodeCacheSize                    = 251658240                              {pd product} {ergonomic}
     bool SegmentedCodeCache                       = true                                      {product} {ergonomic}
   size_t SoftMaxHeapSize                          = 67108864                               {manageable} {ergonomic}
     bool UseCompressedClassPointers               = true                           {product lp64_product} {ergonomic}
     bool UseCompressedOops                        = true                           {product lp64_product} {ergonomic}
     bool UseG1GC                                  = true                                      {product} {ergonomic}
     bool UseLargePagesIndividualAllocation        = false                                  {pd product} {ergonomic}

Logging:
Log output configuration:
 #0: stdout all=warning uptime,level,tags
 #1: stderr all=off uptime,level,tags

Environment Variables:
JAVA_HOME=E:\jdk-17
CLASSPATH=E:\NativeProject(24 sept 2024)\smartpaymoney2\android\\gradle\wrapper\gradle-wrapper.jar
PATH=E:\NativeProject(24 sept 2024)\smartpaymoney2\android\node_modules\.bin;E:\NativeProject(24 sept 2024)\smartpaymoney2\node_modules\.bin;E:\NativeProject(24 sept 2024)\node_modules\.bin;E:\node_modules\.bin;C:\Program Files\nodejs;E:\NativeProject(24 sept 2024)\smartpaymoney2\node_modules\.bin;E:\NativeProject(24 sept 2024)\smartpaymoney2\node_modules\.bin;E:\NativeProject(24 sept 2024)\node_modules\.bin;E:\node_modules\.bin;C:\Users\user\AppData\Roaming\npm\node_modules\npm\node_modules\@npmcli\run-script\lib\node-gyp-bin;C:\Program Files\Common Files\Oracle\Java\javapath;C:\WINDOWS\system32;C:\WINDOWS;C:\WINDOWS\System32\Wbem;C:\WINDOWS\System32\WindowsPowerShell\v1.0\;C:\WINDOWS\System32\OpenSSH\;C:\Users\user\AppData\Local\Microsoft\WindowsApps;C:\adb;C:\Program Files\Git\cmd;C:\WINDOWS\system32;C:\WINDOWS;C:\WINDOWS\System32\Wbem;C:\WINDOWS\System32\WindowsPowerShell\v1.0\;C:\WINDOWS\System32\OpenSSH\;E:\jdk-17\bin;C:\Program Files\dotnet\;E:\flutter_windows_3.13.0-stable\flutter;C:\Program Files\nodejs\;C:\ProgramData\chocolatey\bin;C:\Users\user\AppData\Local\Microsoft\WindowsApps;C:\Users\user\AppData\Local\GitHubDesktop\bin;C:\Users\user\AppData\Local\Programs\Microsoft VS Code\bin;C:\Users\user\AppData\Local\Android\Sdk;D:\new flutter 3.0.0\flutter\bin;C:\Users\user\Desktop\flutter_windows_3.0.5-stable\flutter\bin;E:\flutter_windows_3.13.0-stable\flutter;C:\Users\user\AppData\Roaming\npm;E:\jdk-17\bin;C:\Program Files\OpenSSL-Win64\bin;
USERNAME=user
LANG=en_US.UTF-8
OS=Windows_NT
PROCESSOR_IDENTIFIER=Intel64 Family 6 Model 158 Stepping 13, GenuineIntel



---------------  S Y S T E M  ---------------

OS:
 Windows 11 , 64 bit Build 22621 (10.0.22621.4391)
OS uptime: 6 days 1:20 hours

CPU: total 8 (initial active 8) (8 cores per cpu, 1 threads per core) family 6 model 158 stepping 13 microcode 0xde, cx8, cmov, fxsr, mmx, 3dnowpref, sse, sse2, sse3, ssse3, sse4.1, sse4.2, popcnt, lzcnt, tsc, tscinvbit, avx, avx2, aes, erms, clmul, bmi1, bmi2, adx, fma, vzeroupper, clflush, clflushopt

Memory: 4k page, system-wide physical 32604M (3860M free)
TotalPageFile size 46771M (AvailPageFile size 0M)
current process WorkingSet (physical memory assigned to process): 90M, peak: 94M
current process commit charge ("private bytes"): 161M, peak: 166M

vm_info: Java HotSpot(TM) 64-Bit Server VM (17.0.7+8-LTS-224) for windows-amd64 JRE (17.0.7+8-LTS-224), built on Feb 28 2023 23:03:02 by "mach5one" with MS VC++ 17.1 (VS2022)

END.
